[Пн, 05 мая 2025 12:34:41 virt-manager 1603] DEBUG (cli:204) Version 5.0.0 launched with command line: /usr/bin/virt-manager
[Пн, 05 мая 2025 12:34:41 virt-manager 1603] DEBUG (virtmanager:192) virt-manager version: 5.0.0
[Пн, 05 мая 2025 12:34:41 virt-manager 1603] DEBUG (virtmanager:193) virtManager import: /usr/share/virt-manager/virtManager
[Пн, 05 мая 2025 12:34:41 virt-manager 1603] DEBUG (virtmanager:214) Using SSH_ASKPASS_REQUIRE=force
[Пн, 05 мая 2025 12:34:41 virt-manager 1603] DEBUG (virtmanager:232) PyGObject version: 3.50.0
[Пн, 05 мая 2025 12:34:41 virt-manager 1603] DEBUG (virtmanager:236) GTK version: 3.24.49
[Пн, 05 мая 2025 12:34:41 virt-manager 1603] DEBUG (systray:469) Showing systray: False
[Пн, 05 мая 2025 12:34:41 virt-manager 1603] DEBUG (inspection:205) python guestfs is not installed
[Пн, 05 мая 2025 12:34:41 virt-manager 1603] DEBUG (engine:112) No stored URIs found.
[Пн, 05 мая 2025 12:34:41 virt-manager 1603] DEBUG (engine:490) processing cli command uri= show_window=manager domain=
[Пн, 05 мая 2025 12:34:41 virt-manager 1603] DEBUG (engine:499) No cli action requested, launching default window
[Пн, 05 мая 2025 12:34:41 virt-manager 1603] DEBUG (manager:185) Showing manager
[Пн, 05 мая 2025 12:34:41 virt-manager 1603] DEBUG (engine:318) window counter incremented to 1
[Пн, 05 мая 2025 12:34:41 virt-manager 1603] DEBUG (engine:212) Initial gtkapplication activated
[Пн, 05 мая 2025 12:34:42 virt-manager 1603] DEBUG (engine:136) Probed default URI=qemu:///system
[Пн, 05 мая 2025 12:34:42 virt-manager 1603] DEBUG (connection:484) conn=qemu:///system changed to state=Подключается
[Пн, 05 мая 2025 12:34:42 virt-manager 1603] DEBUG (connection:912) Scheduling background open thread for qemu:///system
[Пн, 05 мая 2025 12:34:44 virt-manager 1603] DEBUG (connection:128) libvirt URI versions library=11.0.0 driver=11.0.0 hypervisor=9.2.3
[Пн, 05 мая 2025 12:34:44 virt-manager 1603] DEBUG (connection:109) Fetched capabilities for qemu:///system: <capabilities>

  <host>
    <uuid>270aa70b-8ae5-2340-970c-67c9a2c1de0c</uuid>
    <cpu>
      <arch>x86_64</arch>
      <model>kvm64-v1</model>
      <vendor>AMD</vendor>
      <signature family='23' model='96' stepping='1'/>
      <topology sockets='1' dies='1' clusters='1' cores='4' threads='1'/>
      <maxphysaddr mode='emulate' bits='48'/>
      <feature name='pclmuldq'/>
      <feature name='ssse3'/>
      <feature name='fma'/>
      <feature name='sse4.1'/>
      <feature name='sse4.2'/>
      <feature name='x2apic'/>
      <feature name='movbe'/>
      <feature name='popcnt'/>
      <feature name='aes'/>
      <feature name='xsave'/>
      <feature name='osxsave'/>
      <feature name='avx'/>
      <feature name='f16c'/>
      <feature name='rdrand'/>
      <feature name='hypervisor'/>
      <feature name='vme'/>
      <feature name='ht'/>
      <feature name='arat'/>
      <feature name='fsgsbase'/>
      <feature name='bmi1'/>
      <feature name='avx2'/>
      <feature name='bmi2'/>
      <feature name='rdseed'/>
      <feature name='adx'/>
      <feature name='clflushopt'/>
      <feature name='sha-ni'/>
      <feature name='lahf_lm'/>
      <feature name='cmp_legacy'/>
      <feature name='cr8legacy'/>
      <feature name='abm'/>
      <feature name='sse4a'/>
      <feature name='misalignsse'/>
      <feature name='3dnowprefetch'/>
      <feature name='mmxext'/>
      <feature name='fxsr_opt'/>
      <feature name='rdtscp'/>
      <feature name='invtsc'/>
      <feature name='xsaveerptr'/>
      <feature name='amd-no-ssb'/>
      <pages unit='KiB' size='4'/>
      <pages unit='KiB' size='2048'/>
    </cpu>
    <power_management>
      <suspend_mem/>
    </power_management>
    <iommu support='no'/>
    <migration_features>
      <live/>
      <uri_transports>
        <uri_transport>tcp</uri_transport>
        <uri_transport>rdma</uri_transport>
      </uri_transports>
    </migration_features>
    <topology>
      <cells num='1'>
        <cell id='0'>
          <memory unit='KiB'>2478116</memory>
          <pages unit='KiB' size='4'>619529</pages>
          <pages unit='KiB' size='2048'>0</pages>
          <distances>
            <sibling id='0' value='10'/>
          </distances>
          <cpus num='4'>
            <cpu id='0' socket_id='0' die_id='0' cluster_id='65535' core_id='0' siblings='0'/>
            <cpu id='1' socket_id='0' die_id='0' cluster_id='65535' core_id='1' siblings='1'/>
            <cpu id='2' socket_id='0' die_id='0' cluster_id='65535' core_id='2' siblings='2'/>
            <cpu id='3' socket_id='0' die_id='0' cluster_id='65535' core_id='3' siblings='3'/>
          </cpus>
        </cell>
      </cells>
    </topology>
    <cache>
      <bank id='0' level='2' type='both' size='512' unit='KiB' cpus='0'/>
      <bank id='1' level='2' type='both' size='512' unit='KiB' cpus='1'/>
      <bank id='2' level='2' type='both' size='512' unit='KiB' cpus='2'/>
      <bank id='3' level='2' type='both' size='512' unit='KiB' cpus='3'/>
      <bank id='0' level='3' type='both' size='8' unit='MiB' cpus='0-3'/>
      <bank id='1' level='3' type='both' size='8' unit='MiB' cpus='0-3'/>
      <bank id='2' level='3' type='both' size='8' unit='MiB' cpus='0-3'/>
      <bank id='3' level='3' type='both' size='8' unit='MiB' cpus='0-3'/>
    </cache>
    <secmodel>
      <model>selinux</model>
      <doi>0</doi>
      <baselabel type='kvm'>system_u:system_r:svirt_t:s0</baselabel>
      <baselabel type='qemu'>system_u:system_r:svirt_tcg_t:s0</baselabel>
    </secmodel>
    <secmodel>
      <model>dac</model>
      <doi>0</doi>
      <baselabel type='kvm'>+107:+107</baselabel>
      <baselabel type='qemu'>+107:+107</baselabel>
    </secmodel>
  </host>

  <guest>
    <os_type>hvm</os_type>
    <arch name='i686'>
      <wordsize>32</wordsize>
      <emulator>/usr/bin/qemu-system-i386</emulator>
      <machine maxCpus='255'>pc-i440fx-9.2</machine>
      <machine canonical='pc-i440fx-9.2' maxCpus='255'>pc</machine>
      <machine maxCpus='288' deprecated='yes'>pc-q35-5.2</machine>
      <machine maxCpus='255' deprecated='yes'>pc-i440fx-2.12</machine>
      <machine maxCpus='1'>xenpv</machine>
      <machine maxCpus='255' deprecated='yes'>pc-i440fx-6.2</machine>
      <machine maxCpus='288' deprecated='yes'>pc-q35-4.2</machine>
      <machine maxCpus='255' deprecated='yes'>pc-i440fx-2.5</machine>
      <machine maxCpus='255' deprecated='yes'>pc-i440fx-4.2</machine>
      <machine maxCpus='255' deprecated='yes'>pc-i440fx-5.2</machine>
      <machine maxCpus='255' deprecated='yes'>pc-q35-2.7</machine>
      <machine maxCpus='4096'>pc-q35-9.1</machine>
      <machine maxCpus='288'>pc-q35-7.1</machine>
      <machine maxCpus='1024'>pc-q35-8.1</machine>
      <machine maxCpus='255'>pc-i440fx-8.1</machine>
      <machine maxCpus='255' deprecated='yes'>pc-i440fx-2.7</machine>
      <machine maxCpus='288' deprecated='yes'>pc-q35-6.1</machine>
      <machine maxCpus='128'>xenfv-3.1</machine>
      <machine canonical='xenfv-3.1' maxCpus='128'>xenfv</machine>
      <machine maxCpus='255'>pc-i440fx-9.1</machine>
      <machine maxCpus='255' deprecated='yes'>pc-q35-2.4</machine>
      <machine maxCpus='255'>pc-i440fx-7.1</machine>
      <machine maxCpus='288' deprecated='yes'>pc-q35-2.10</machine>
      <machine maxCpus='1'>x-remote</machine>
      <machine maxCpus='288' deprecated='yes'>pc-q35-5.1</machine>
      <machine maxCpus='288' deprecated='yes'>pc-q35-2.9</machine>
      <machine maxCpus='255' deprecated='yes'>pc-i440fx-2.11</machine>
      <machine maxCpus='288' deprecated='yes'>pc-q35-3.1</machine>
      <machine maxCpus='255' deprecated='yes'>pc-i440fx-6.1</machine>
      <machine maxCpus='288' deprecated='yes'>pc-q35-4.1</machine>
      <machine maxCpus='255' deprecated='yes'>pc-i440fx-2.4</machine>
      <machine maxCpus='255' deprecated='yes'>pc-i440fx-4.1</machine>
      <machine maxCpus='255' deprecated='yes'>pc-i440fx-5.1</machine>
      <machine maxCpus='255' deprecated='yes'>pc-i440fx-2.9</machine>
      <machine maxCpus='1'>isapc</machine>
      <machine maxCpus='255' deprecated='yes'>pc-q35-2.6</machine>
      <machine maxCpus='255' deprecated='yes'>pc-i440fx-3.1</machine>
      <machine maxCpus='4096'>pc-q35-9.0</machine>
      <machine maxCpus='288' deprecated='yes'>pc-q35-2.12</machine>
      <machine maxCpus='288'>pc-q35-7.0</machine>
      <machine maxCpus='288'>pc-q35-8.0</machine>
      <machine maxCpus='255'>pc-i440fx-8.0</machine>
      <machine maxCpus='288' deprecated='yes'>pc-q35-6.0</machine>
      <machine maxCpus='255' deprecated='yes'>pc-i440fx-2.6</machine>
      <machine maxCpus='255'>pc-i440fx-9.0</machine>
      <machine maxCpus='128'>xenpvh</machine>
      <machine maxCpus='288' deprecated='yes'>pc-q35-4.0.1</machine>
      <machine maxCpus='288'>nitro-enclave</machine>
      <machine maxCpus='255'>pc-i440fx-7.0</machine>
      <machine maxCpus='288' deprecated='yes'>pc-q35-5.0</machine>
      <machine maxCpus='288' deprecated='yes'>pc-q35-2.8</machine>
      <machine maxCpus='4096'>pc-q35-9.2</machine>
      <machine canonical='pc-q35-9.2' maxCpus='4096'>q35</machine>
      <machine maxCpus='255' deprecated='yes'>pc-i440fx-2.10</machine>
      <machine maxCpus='288' deprecated='yes'>pc-q35-3.0</machine>
      <machine maxCpus='288'>pc-q35-7.2</machine>
      <machine maxCpus='288' deprecated='yes'>pc-q35-4.0</machine>
      <machine maxCpus='128'>xenfv-4.2</machine>
      <machine maxCpus='255' deprecated='yes'>pc-i440fx-6.0</machine>
      <machine maxCpus='288'>microvm</machine>
      <machine maxCpus='1024'>pc-q35-8.2</machine>
      <machine maxCpus='255' deprecated='yes'>pc-i440fx-4.0</machine>
      <machine maxCpus='255'>pc-i440fx-8.2</machine>
      <machine maxCpus='255' deprecated='yes'>pc-i440fx-5.0</machine>
      <machine maxCpus='255' deprecated='yes'>pc-i440fx-2.8</machine>
      <machine maxCpus='288' deprecated='yes'>pc-q35-6.2</machine>
      <machine maxCpus='255' deprecated='yes'>pc-i440fx-3.0</machine>
      <machine maxCpus='255' deprecated='yes'>pc-q35-2.5</machine>
      <machine maxCpus='255'>pc-i440fx-7.2</machine>
      <machine maxCpus='288' deprecated='yes'>pc-q35-2.11</machine>
      <domain type='qemu'/>
    </arch>
    <features>
      <pae/>
      <nonpae/>
      <acpi default='on' toggle='yes'/>
      <apic default='on' toggle='no'/>
      <cpuselection/>
      <deviceboot/>
      <disksnapshot default='on' toggle='no'/>
      <externalSnapshot/>
    </features>
  </guest>

  <guest>
    <os_type>hvm</os_type>
    <arch name='x86_64'>
      <wordsize>64</wordsize>
      <emulator>/usr/bin/qemu-system-x86_64</emulator>
      <machine maxCpus='255'>pc-i440fx-9.2</machine>
      <machine canonical='pc-i440fx-9.2' maxCpus='255'>pc</machine>
      <machine maxCpus='288' deprecated='yes'>pc-q35-5.2</machine>
      <machine maxCpus='255' deprecated='yes'>pc-i440fx-2.12</machine>
      <machine maxCpus='1'>xenpv</machine>
      <machine maxCpus='255' deprecated='yes'>pc-i440fx-6.2</machine>
      <machine maxCpus='288' deprecated='yes'>pc-q35-4.2</machine>
      <machine maxCpus='255' deprecated='yes'>pc-i440fx-2.5</machine>
      <machine maxCpus='255' deprecated='yes'>pc-i440fx-4.2</machine>
      <machine maxCpus='255' deprecated='yes'>pc-i440fx-5.2</machine>
      <machine maxCpus='255' deprecated='yes'>pc-q35-2.7</machine>
      <machine maxCpus='4096'>pc-q35-9.1</machine>
      <machine maxCpus='288'>pc-q35-7.1</machine>
      <machine maxCpus='1024'>pc-q35-8.1</machine>
      <machine maxCpus='255'>pc-i440fx-8.1</machine>
      <machine maxCpus='255' deprecated='yes'>pc-i440fx-2.7</machine>
      <machine maxCpus='288' deprecated='yes'>pc-q35-6.1</machine>
      <machine maxCpus='128'>xenfv-3.1</machine>
      <machine canonical='xenfv-3.1' maxCpus='128'>xenfv</machine>
      <machine maxCpus='255'>pc-i440fx-9.1</machine>
      <machine maxCpus='255' deprecated='yes'>pc-q35-2.4</machine>
      <machine maxCpus='255'>pc-i440fx-7.1</machine>
      <machine maxCpus='288' deprecated='yes'>pc-q35-2.10</machine>
      <machine maxCpus='1'>x-remote</machine>
      <machine maxCpus='288' deprecated='yes'>pc-q35-5.1</machine>
      <machine maxCpus='288' deprecated='yes'>pc-q35-2.9</machine>
      <machine maxCpus='255' deprecated='yes'>pc-i440fx-2.11</machine>
      <machine maxCpus='288' deprecated='yes'>pc-q35-3.1</machine>
      <machine maxCpus='255' deprecated='yes'>pc-i440fx-6.1</machine>
      <machine maxCpus='288' deprecated='yes'>pc-q35-4.1</machine>
      <machine maxCpus='255' deprecated='yes'>pc-i440fx-2.4</machine>
      <machine maxCpus='255' deprecated='yes'>pc-i440fx-4.1</machine>
      <machine maxCpus='255' deprecated='yes'>pc-i440fx-5.1</machine>
      <machine maxCpus='255' deprecated='yes'>pc-i440fx-2.9</machine>
      <machine maxCpus='1'>isapc</machine>
      <machine maxCpus='255' deprecated='yes'>pc-q35-2.6</machine>
      <machine maxCpus='255' deprecated='yes'>pc-i440fx-3.1</machine>
      <machine maxCpus='4096'>pc-q35-9.0</machine>
      <machine maxCpus='288' deprecated='yes'>pc-q35-2.12</machine>
      <machine maxCpus='288'>pc-q35-7.0</machine>
      <machine maxCpus='288'>pc-q35-8.0</machine>
      <machine maxCpus='255'>pc-i440fx-8.0</machine>
      <machine maxCpus='288' deprecated='yes'>pc-q35-6.0</machine>
      <machine maxCpus='255' deprecated='yes'>pc-i440fx-2.6</machine>
      <machine maxCpus='255'>pc-i440fx-9.0</machine>
      <machine maxCpus='128'>xenpvh</machine>
      <machine maxCpus='288' deprecated='yes'>pc-q35-4.0.1</machine>
      <machine maxCpus='288'>nitro-enclave</machine>
      <machine maxCpus='255'>pc-i440fx-7.0</machine>
      <machine maxCpus='288' deprecated='yes'>pc-q35-5.0</machine>
      <machine maxCpus='288' deprecated='yes'>pc-q35-2.8</machine>
      <machine maxCpus='4096'>pc-q35-9.2</machine>
      <machine canonical='pc-q35-9.2' maxCpus='4096'>q35</machine>
      <machine maxCpus='255' deprecated='yes'>pc-i440fx-2.10</machine>
      <machine maxCpus='288' deprecated='yes'>pc-q35-3.0</machine>
      <machine maxCpus='288'>pc-q35-7.2</machine>
      <machine maxCpus='288' deprecated='yes'>pc-q35-4.0</machine>
      <machine maxCpus='128'>xenfv-4.2</machine>
      <machine maxCpus='255' deprecated='yes'>pc-i440fx-6.0</machine>
      <machine maxCpus='288'>microvm</machine>
      <machine maxCpus='1024'>pc-q35-8.2</machine>
      <machine maxCpus='255' deprecated='yes'>pc-i440fx-4.0</machine>
      <machine maxCpus='255'>pc-i440fx-8.2</machine>
      <machine maxCpus='255' deprecated='yes'>pc-i440fx-5.0</machine>
      <machine maxCpus='255' deprecated='yes'>pc-i440fx-2.8</machine>
      <machine maxCpus='288' deprecated='yes'>pc-q35-6.2</machine>
      <machine maxCpus='255' deprecated='yes'>pc-i440fx-3.0</machine>
      <machine maxCpus='255' deprecated='yes'>pc-q35-2.5</machine>
      <machine maxCpus='255'>pc-i440fx-7.2</machine>
      <machine maxCpus='288' deprecated='yes'>pc-q35-2.11</machine>
      <domain type='qemu'/>
    </arch>
    <features>
      <acpi default='on' toggle='yes'/>
      <apic default='on' toggle='no'/>
      <cpuselection/>
      <deviceboot/>
      <disksnapshot default='on' toggle='no'/>
      <externalSnapshot/>
    </features>
  </guest>

</capabilities>

[Пн, 05 мая 2025 12:34:45 virt-manager 1603] DEBUG (connection:748) Using domain events
[Пн, 05 мая 2025 12:34:45 virt-manager 1603] DEBUG (connection:787) Using network events
[Пн, 05 мая 2025 12:34:45 virt-manager 1603] DEBUG (connection:806) Using storage pool events
[Пн, 05 мая 2025 12:34:45 virt-manager 1603] DEBUG (connection:831) Using node device events
[Пн, 05 мая 2025 12:34:45 virt-manager 1603] DEBUG (connection:1081) network=default status=Активно added
[Пн, 05 мая 2025 12:34:45 virt-manager 1603] DEBUG (storage:154) Attempting to build default pool with target '/var/lib/libvirt/images'
[Пн, 05 мая 2025 12:34:45 virt-manager 1603] DEBUG (storage:377) Creating storage pool 'default' with xml:
<pool type="dir">
  <name>default</name>
  <target>
    <path>/var/lib/libvirt/images</path>
  </target>
</pool>

[Пн, 05 мая 2025 12:34:45 virt-manager 1603] DEBUG (connection:685) storage pool lifecycle event: pool=default state=VIR_STORAGE_POOL_EVENT_DEFINED reason=0
[Пн, 05 мая 2025 12:34:45 virt-manager 1603] DEBUG (connection:685) storage pool lifecycle event: pool=default state=VIR_STORAGE_POOL_EVENT_CREATED reason=0
[Пн, 05 мая 2025 12:34:45 virt-manager 1603] DEBUG (connection:685) storage pool lifecycle event: pool=default state=VIR_STORAGE_POOL_EVENT_STARTED reason=0
[Пн, 05 мая 2025 12:34:45 virt-manager 1603] DEBUG (connection:484) conn=qemu:///system changed to state=Активно
[Пн, 05 мая 2025 12:34:45 virt-manager 1603] DEBUG (connection:1081) pool=default status=Активно added
[Пн, 05 мая 2025 12:34:45 virt-manager 1603] DEBUG (connection:1074) New pool=default requested, but it's already tracked.
[Пн, 05 мая 2025 12:34:45 virt-manager 1603] DEBUG (connection:1074) New pool=default requested, but it's already tracked.
[Пн, 05 мая 2025 12:34:50 virt-manager 1603] DEBUG (xmleditor:15) Using GtkSource 4
[Пн, 05 мая 2025 12:34:50 virt-manager 1603] DEBUG (serialcon:17) Using VTE API 2.91
[Пн, 05 мая 2025 12:34:51 virt-manager 1603] DEBUG (createvm:257) Showing new vm wizard
[Пн, 05 мая 2025 12:34:51 virt-manager 1603] DEBUG (connection:109) Fetched capabilities for qemu:///system: <capabilities>

  <host>
    <uuid>270aa70b-8ae5-2340-970c-67c9a2c1de0c</uuid>
    <cpu>
      <arch>x86_64</arch>
      <model>kvm64-v1</model>
      <vendor>AMD</vendor>
      <signature family='23' model='96' stepping='1'/>
      <topology sockets='1' dies='1' clusters='1' cores='4' threads='1'/>
      <maxphysaddr mode='emulate' bits='48'/>
      <feature name='pclmuldq'/>
      <feature name='ssse3'/>
      <feature name='fma'/>
      <feature name='sse4.1'/>
      <feature name='sse4.2'/>
      <feature name='x2apic'/>
      <feature name='movbe'/>
      <feature name='popcnt'/>
      <feature name='aes'/>
      <feature name='xsave'/>
      <feature name='osxsave'/>
      <feature name='avx'/>
      <feature name='f16c'/>
      <feature name='rdrand'/>
      <feature name='hypervisor'/>
      <feature name='vme'/>
      <feature name='ht'/>
      <feature name='arat'/>
      <feature name='fsgsbase'/>
      <feature name='bmi1'/>
      <feature name='avx2'/>
      <feature name='bmi2'/>
      <feature name='rdseed'/>
      <feature name='adx'/>
      <feature name='clflushopt'/>
      <feature name='sha-ni'/>
      <feature name='lahf_lm'/>
      <feature name='cmp_legacy'/>
      <feature name='cr8legacy'/>
      <feature name='abm'/>
      <feature name='sse4a'/>
      <feature name='misalignsse'/>
      <feature name='3dnowprefetch'/>
      <feature name='mmxext'/>
      <feature name='fxsr_opt'/>
      <feature name='rdtscp'/>
      <feature name='invtsc'/>
      <feature name='xsaveerptr'/>
      <feature name='amd-no-ssb'/>
      <pages unit='KiB' size='4'/>
      <pages unit='KiB' size='2048'/>
    </cpu>
    <power_management>
      <suspend_mem/>
    </power_management>
    <iommu support='no'/>
    <migration_features>
      <live/>
      <uri_transports>
        <uri_transport>tcp</uri_transport>
        <uri_transport>rdma</uri_transport>
      </uri_transports>
    </migration_features>
    <topology>
      <cells num='1'>
        <cell id='0'>
          <memory unit='KiB'>2478116</memory>
          <pages unit='KiB' size='4'>619529</pages>
          <pages unit='KiB' size='2048'>0</pages>
          <distances>
            <sibling id='0' value='10'/>
          </distances>
          <cpus num='4'>
            <cpu id='0' socket_id='0' die_id='0' cluster_id='65535' core_id='0' siblings='0'/>
            <cpu id='1' socket_id='0' die_id='0' cluster_id='65535' core_id='1' siblings='1'/>
            <cpu id='2' socket_id='0' die_id='0' cluster_id='65535' core_id='2' siblings='2'/>
            <cpu id='3' socket_id='0' die_id='0' cluster_id='65535' core_id='3' siblings='3'/>
          </cpus>
        </cell>
      </cells>
    </topology>
    <cache>
      <bank id='0' level='2' type='both' size='512' unit='KiB' cpus='0'/>
      <bank id='1' level='2' type='both' size='512' unit='KiB' cpus='1'/>
      <bank id='2' level='2' type='both' size='512' unit='KiB' cpus='2'/>
      <bank id='3' level='2' type='both' size='512' unit='KiB' cpus='3'/>
      <bank id='0' level='3' type='both' size='8' unit='MiB' cpus='0-3'/>
      <bank id='1' level='3' type='both' size='8' unit='MiB' cpus='0-3'/>
      <bank id='2' level='3' type='both' size='8' unit='MiB' cpus='0-3'/>
      <bank id='3' level='3' type='both' size='8' unit='MiB' cpus='0-3'/>
    </cache>
    <secmodel>
      <model>selinux</model>
      <doi>0</doi>
      <baselabel type='kvm'>system_u:system_r:svirt_t:s0</baselabel>
      <baselabel type='qemu'>system_u:system_r:svirt_tcg_t:s0</baselabel>
    </secmodel>
    <secmodel>
      <model>dac</model>
      <doi>0</doi>
      <baselabel type='kvm'>+107:+107</baselabel>
      <baselabel type='qemu'>+107:+107</baselabel>
    </secmodel>
  </host>

  <guest>
    <os_type>hvm</os_type>
    <arch name='i686'>
      <wordsize>32</wordsize>
      <emulator>/usr/bin/qemu-system-i386</emulator>
      <machine maxCpus='255'>pc-i440fx-9.2</machine>
      <machine canonical='pc-i440fx-9.2' maxCpus='255'>pc</machine>
      <machine maxCpus='288' deprecated='yes'>pc-q35-5.2</machine>
      <machine maxCpus='255' deprecated='yes'>pc-i440fx-2.12</machine>
      <machine maxCpus='1'>xenpv</machine>
      <machine maxCpus='255' deprecated='yes'>pc-i440fx-6.2</machine>
      <machine maxCpus='288' deprecated='yes'>pc-q35-4.2</machine>
      <machine maxCpus='255' deprecated='yes'>pc-i440fx-2.5</machine>
      <machine maxCpus='255' deprecated='yes'>pc-i440fx-4.2</machine>
      <machine maxCpus='255' deprecated='yes'>pc-i440fx-5.2</machine>
      <machine maxCpus='255' deprecated='yes'>pc-q35-2.7</machine>
      <machine maxCpus='4096'>pc-q35-9.1</machine>
      <machine maxCpus='288'>pc-q35-7.1</machine>
      <machine maxCpus='1024'>pc-q35-8.1</machine>
      <machine maxCpus='255'>pc-i440fx-8.1</machine>
      <machine maxCpus='255' deprecated='yes'>pc-i440fx-2.7</machine>
      <machine maxCpus='288' deprecated='yes'>pc-q35-6.1</machine>
      <machine maxCpus='128'>xenfv-3.1</machine>
      <machine canonical='xenfv-3.1' maxCpus='128'>xenfv</machine>
      <machine maxCpus='255'>pc-i440fx-9.1</machine>
      <machine maxCpus='255' deprecated='yes'>pc-q35-2.4</machine>
      <machine maxCpus='255'>pc-i440fx-7.1</machine>
      <machine maxCpus='288' deprecated='yes'>pc-q35-2.10</machine>
      <machine maxCpus='1'>x-remote</machine>
      <machine maxCpus='288' deprecated='yes'>pc-q35-5.1</machine>
      <machine maxCpus='288' deprecated='yes'>pc-q35-2.9</machine>
      <machine maxCpus='255' deprecated='yes'>pc-i440fx-2.11</machine>
      <machine maxCpus='288' deprecated='yes'>pc-q35-3.1</machine>
      <machine maxCpus='255' deprecated='yes'>pc-i440fx-6.1</machine>
      <machine maxCpus='288' deprecated='yes'>pc-q35-4.1</machine>
      <machine maxCpus='255' deprecated='yes'>pc-i440fx-2.4</machine>
      <machine maxCpus='255' deprecated='yes'>pc-i440fx-4.1</machine>
      <machine maxCpus='255' deprecated='yes'>pc-i440fx-5.1</machine>
      <machine maxCpus='255' deprecated='yes'>pc-i440fx-2.9</machine>
      <machine maxCpus='1'>isapc</machine>
      <machine maxCpus='255' deprecated='yes'>pc-q35-2.6</machine>
      <machine maxCpus='255' deprecated='yes'>pc-i440fx-3.1</machine>
      <machine maxCpus='4096'>pc-q35-9.0</machine>
      <machine maxCpus='288' deprecated='yes'>pc-q35-2.12</machine>
      <machine maxCpus='288'>pc-q35-7.0</machine>
      <machine maxCpus='288'>pc-q35-8.0</machine>
      <machine maxCpus='255'>pc-i440fx-8.0</machine>
      <machine maxCpus='288' deprecated='yes'>pc-q35-6.0</machine>
      <machine maxCpus='255' deprecated='yes'>pc-i440fx-2.6</machine>
      <machine maxCpus='255'>pc-i440fx-9.0</machine>
      <machine maxCpus='128'>xenpvh</machine>
      <machine maxCpus='288' deprecated='yes'>pc-q35-4.0.1</machine>
      <machine maxCpus='288'>nitro-enclave</machine>
      <machine maxCpus='255'>pc-i440fx-7.0</machine>
      <machine maxCpus='288' deprecated='yes'>pc-q35-5.0</machine>
      <machine maxCpus='288' deprecated='yes'>pc-q35-2.8</machine>
      <machine maxCpus='4096'>pc-q35-9.2</machine>
      <machine canonical='pc-q35-9.2' maxCpus='4096'>q35</machine>
      <machine maxCpus='255' deprecated='yes'>pc-i440fx-2.10</machine>
      <machine maxCpus='288' deprecated='yes'>pc-q35-3.0</machine>
      <machine maxCpus='288'>pc-q35-7.2</machine>
      <machine maxCpus='288' deprecated='yes'>pc-q35-4.0</machine>
      <machine maxCpus='128'>xenfv-4.2</machine>
      <machine maxCpus='255' deprecated='yes'>pc-i440fx-6.0</machine>
      <machine maxCpus='288'>microvm</machine>
      <machine maxCpus='1024'>pc-q35-8.2</machine>
      <machine maxCpus='255' deprecated='yes'>pc-i440fx-4.0</machine>
      <machine maxCpus='255'>pc-i440fx-8.2</machine>
      <machine maxCpus='255' deprecated='yes'>pc-i440fx-5.0</machine>
      <machine maxCpus='255' deprecated='yes'>pc-i440fx-2.8</machine>
      <machine maxCpus='288' deprecated='yes'>pc-q35-6.2</machine>
      <machine maxCpus='255' deprecated='yes'>pc-i440fx-3.0</machine>
      <machine maxCpus='255' deprecated='yes'>pc-q35-2.5</machine>
      <machine maxCpus='255'>pc-i440fx-7.2</machine>
      <machine maxCpus='288' deprecated='yes'>pc-q35-2.11</machine>
      <domain type='qemu'/>
    </arch>
    <features>
      <pae/>
      <nonpae/>
      <acpi default='on' toggle='yes'/>
      <apic default='on' toggle='no'/>
      <cpuselection/>
      <deviceboot/>
      <disksnapshot default='on' toggle='no'/>
      <externalSnapshot/>
    </features>
  </guest>

  <guest>
    <os_type>hvm</os_type>
    <arch name='x86_64'>
      <wordsize>64</wordsize>
      <emulator>/usr/bin/qemu-system-x86_64</emulator>
      <machine maxCpus='255'>pc-i440fx-9.2</machine>
      <machine canonical='pc-i440fx-9.2' maxCpus='255'>pc</machine>
      <machine maxCpus='288' deprecated='yes'>pc-q35-5.2</machine>
      <machine maxCpus='255' deprecated='yes'>pc-i440fx-2.12</machine>
      <machine maxCpus='1'>xenpv</machine>
      <machine maxCpus='255' deprecated='yes'>pc-i440fx-6.2</machine>
      <machine maxCpus='288' deprecated='yes'>pc-q35-4.2</machine>
      <machine maxCpus='255' deprecated='yes'>pc-i440fx-2.5</machine>
      <machine maxCpus='255' deprecated='yes'>pc-i440fx-4.2</machine>
      <machine maxCpus='255' deprecated='yes'>pc-i440fx-5.2</machine>
      <machine maxCpus='255' deprecated='yes'>pc-q35-2.7</machine>
      <machine maxCpus='4096'>pc-q35-9.1</machine>
      <machine maxCpus='288'>pc-q35-7.1</machine>
      <machine maxCpus='1024'>pc-q35-8.1</machine>
      <machine maxCpus='255'>pc-i440fx-8.1</machine>
      <machine maxCpus='255' deprecated='yes'>pc-i440fx-2.7</machine>
      <machine maxCpus='288' deprecated='yes'>pc-q35-6.1</machine>
      <machine maxCpus='128'>xenfv-3.1</machine>
      <machine canonical='xenfv-3.1' maxCpus='128'>xenfv</machine>
      <machine maxCpus='255'>pc-i440fx-9.1</machine>
      <machine maxCpus='255' deprecated='yes'>pc-q35-2.4</machine>
      <machine maxCpus='255'>pc-i440fx-7.1</machine>
      <machine maxCpus='288' deprecated='yes'>pc-q35-2.10</machine>
      <machine maxCpus='1'>x-remote</machine>
      <machine maxCpus='288' deprecated='yes'>pc-q35-5.1</machine>
      <machine maxCpus='288' deprecated='yes'>pc-q35-2.9</machine>
      <machine maxCpus='255' deprecated='yes'>pc-i440fx-2.11</machine>
      <machine maxCpus='288' deprecated='yes'>pc-q35-3.1</machine>
      <machine maxCpus='255' deprecated='yes'>pc-i440fx-6.1</machine>
      <machine maxCpus='288' deprecated='yes'>pc-q35-4.1</machine>
      <machine maxCpus='255' deprecated='yes'>pc-i440fx-2.4</machine>
      <machine maxCpus='255' deprecated='yes'>pc-i440fx-4.1</machine>
      <machine maxCpus='255' deprecated='yes'>pc-i440fx-5.1</machine>
      <machine maxCpus='255' deprecated='yes'>pc-i440fx-2.9</machine>
      <machine maxCpus='1'>isapc</machine>
      <machine maxCpus='255' deprecated='yes'>pc-q35-2.6</machine>
      <machine maxCpus='255' deprecated='yes'>pc-i440fx-3.1</machine>
      <machine maxCpus='4096'>pc-q35-9.0</machine>
      <machine maxCpus='288' deprecated='yes'>pc-q35-2.12</machine>
      <machine maxCpus='288'>pc-q35-7.0</machine>
      <machine maxCpus='288'>pc-q35-8.0</machine>
      <machine maxCpus='255'>pc-i440fx-8.0</machine>
      <machine maxCpus='288' deprecated='yes'>pc-q35-6.0</machine>
      <machine maxCpus='255' deprecated='yes'>pc-i440fx-2.6</machine>
      <machine maxCpus='255'>pc-i440fx-9.0</machine>
      <machine maxCpus='128'>xenpvh</machine>
      <machine maxCpus='288' deprecated='yes'>pc-q35-4.0.1</machine>
      <machine maxCpus='288'>nitro-enclave</machine>
      <machine maxCpus='255'>pc-i440fx-7.0</machine>
      <machine maxCpus='288' deprecated='yes'>pc-q35-5.0</machine>
      <machine maxCpus='288' deprecated='yes'>pc-q35-2.8</machine>
      <machine maxCpus='4096'>pc-q35-9.2</machine>
      <machine canonical='pc-q35-9.2' maxCpus='4096'>q35</machine>
      <machine maxCpus='255' deprecated='yes'>pc-i440fx-2.10</machine>
      <machine maxCpus='288' deprecated='yes'>pc-q35-3.0</machine>
      <machine maxCpus='288'>pc-q35-7.2</machine>
      <machine maxCpus='288' deprecated='yes'>pc-q35-4.0</machine>
      <machine maxCpus='128'>xenfv-4.2</machine>
      <machine maxCpus='255' deprecated='yes'>pc-i440fx-6.0</machine>
      <machine maxCpus='288'>microvm</machine>
      <machine maxCpus='1024'>pc-q35-8.2</machine>
      <machine maxCpus='255' deprecated='yes'>pc-i440fx-4.0</machine>
      <machine maxCpus='255'>pc-i440fx-8.2</machine>
      <machine maxCpus='255' deprecated='yes'>pc-i440fx-5.0</machine>
      <machine maxCpus='255' deprecated='yes'>pc-i440fx-2.8</machine>
      <machine maxCpus='288' deprecated='yes'>pc-q35-6.2</machine>
      <machine maxCpus='255' deprecated='yes'>pc-i440fx-3.0</machine>
      <machine maxCpus='255' deprecated='yes'>pc-q35-2.5</machine>
      <machine maxCpus='255'>pc-i440fx-7.2</machine>
      <machine maxCpus='288' deprecated='yes'>pc-q35-2.11</machine>
      <domain type='qemu'/>
    </arch>
    <features>
      <acpi default='on' toggle='yes'/>
      <apic default='on' toggle='no'/>
      <cpuselection/>
      <deviceboot/>
      <disksnapshot default='on' toggle='no'/>
      <externalSnapshot/>
    </features>
  </guest>

</capabilities>

[Пн, 05 мая 2025 12:34:51 virt-manager 1603] DEBUG (createvm:728) Guest type set to os_type=hvm, arch=x86_64, dom_type=qemu
[Пн, 05 мая 2025 12:34:51 virt-manager 1603] WARNING (guest:735) KVM acceleration not available, using 'qemu'
[Пн, 05 мая 2025 12:34:51 virt-manager 1603] DEBUG (guest:343) Setting Guest osinfo name <_OsVariant name=generic>
[Пн, 05 мая 2025 12:34:51 virt-manager 1603] DEBUG (guest:556) Prefer EFI => False
[Пн, 05 мая 2025 12:34:51 virt-manager 1603] DEBUG (storage:137) Found default pool name=default target=/var/lib/libvirt/images
[Пн, 05 мая 2025 12:34:51 virt-manager 1603] DEBUG (storage:137) Found default pool name=default target=/var/lib/libvirt/images
[Пн, 05 мая 2025 12:34:51 virt-manager 1603] DEBUG (engine:318) window counter incremented to 2
[Пн, 05 мая 2025 12:34:51 virt-manager 1603] DEBUG (connection:700) storage pool refresh event: pool=default
[Пн, 05 мая 2025 12:34:51 virt-manager 1603] DEBUG (connection:700) storage pool refresh event: pool=default
[Пн, 05 мая 2025 12:34:54 virt-manager 1603] DEBUG (createvm:268) Closing new vm wizard
[Пн, 05 мая 2025 12:34:54 virt-manager 1603] DEBUG (engine:325) window counter decremented to 1
[Пн, 05 мая 2025 12:35:42 virt-manager 1603] DEBUG (connection:847) conn.close() uri=qemu:///system
[Пн, 05 мая 2025 12:35:42 virt-manager 1603] DEBUG (connection:484) conn=qemu:///system changed to state=Отключено
[Пн, 05 мая 2025 12:35:42 virt-manager 1603] DEBUG (manager:196) Closing manager
[Пн, 05 мая 2025 12:35:42 virt-manager 1603] DEBUG (engine:325) window counter decremented to 0
[Пн, 05 мая 2025 12:35:42 virt-manager 1603] DEBUG (engine:395) Exiting app normally.
