2025-05-05T12:09:13+0000 [3213] INFO --- DNF5 запущен с аргументами: "dnf -y group install development-tools" ---
2025-05-05T12:09:13+0000 [3213] DEBUG Loading plugin file="/usr/lib64/dnf5/plugins/builddep_cmd_plugin.so"
2025-05-05T12:09:13+0000 [3213] INFO Loaded dnf5 plugin "builddep" ("/usr/lib64/dnf5/plugins/builddep_cmd_plugin.so") version "1.0.0"
2025-05-05T12:09:13+0000 [3213] DEBUG Loading plugin file="/usr/lib64/dnf5/plugins/changelog_cmd_plugin.so"
2025-05-05T12:09:13+0000 [3213] INFO Loaded dnf5 plugin "changelog" ("/usr/lib64/dnf5/plugins/changelog_cmd_plugin.so") version "1.0.0"
2025-05-05T12:09:13+0000 [3213] DEBUG Loading plugin file="/usr/lib64/dnf5/plugins/config-manager_cmd_plugin.so"
2025-05-05T12:09:13+0000 [3213] INFO Loaded dnf5 plugin "config-manager" ("/usr/lib64/dnf5/plugins/config-manager_cmd_plugin.so") version "0.1.0"
2025-05-05T12:09:13+0000 [3213] DEBUG Loading plugin file="/usr/lib64/dnf5/plugins/copr_cmd_plugin.so"
2025-05-05T12:09:13+0000 [3213] INFO Loaded dnf5 plugin "copr" ("/usr/lib64/dnf5/plugins/copr_cmd_plugin.so") version "0.1.0"
2025-05-05T12:09:13+0000 [3213] DEBUG Loading plugin file="/usr/lib64/dnf5/plugins/needs_restarting_cmd_plugin.so"
2025-05-05T12:09:13+0000 [3213] INFO Loaded dnf5 plugin "needs_restarting" ("/usr/lib64/dnf5/plugins/needs_restarting_cmd_plugin.so") version "1.0.0"
2025-05-05T12:09:13+0000 [3213] DEBUG Loading plugin file="/usr/lib64/dnf5/plugins/repoclosure_cmd_plugin.so"
2025-05-05T12:09:13+0000 [3213] INFO Loaded dnf5 plugin "repoclosure" ("/usr/lib64/dnf5/plugins/repoclosure_cmd_plugin.so") version "1.0.0"
2025-05-05T12:09:13+0000 [3213] DEBUG Loading plugin file="/usr/lib64/dnf5/plugins/reposync_cmd_plugin.so"
2025-05-05T12:09:13+0000 [3213] INFO Loaded dnf5 plugin "reposync" ("/usr/lib64/dnf5/plugins/reposync_cmd_plugin.so") version "1.0.0"
2025-05-05T12:09:13+0000 [3213] DEBUG Loading plugin library file="/usr/lib64/libdnf5/plugins/expired-pgp-keys.so"
2025-05-05T12:09:13+0000 [3213] INFO Loaded libdnf plugin "expired-pgp-keys" ("/usr/lib64/libdnf5/plugins/expired-pgp-keys.so"), version="1.0.0"
2025-05-05T12:09:13+0000 [3213] DEBUG Trying to load more plugins using the "expired-pgp-keys" plugin.
2025-05-05T12:09:13+0000 [3213] DEBUG End of loading plugins using the "expired-pgp-keys" plugin.
2025-05-05T12:09:13+0000 [3213] DEBUG Creating repo "fedora-cisco-openh264" from config file "/etc/yum.repos.d/fedora-cisco-openh264.repo" section "fedora-cisco-openh264"
2025-05-05T12:09:13+0000 [3213] DEBUG Creating repo "fedora-cisco-openh264-debuginfo" from config file "/etc/yum.repos.d/fedora-cisco-openh264.repo" section "fedora-cisco-openh264-debuginfo"
2025-05-05T12:09:13+0000 [3213] DEBUG Creating repo "fedora-cisco-openh264-source" from config file "/etc/yum.repos.d/fedora-cisco-openh264.repo" section "fedora-cisco-openh264-source"
2025-05-05T12:09:13+0000 [3213] DEBUG Creating repo "updates-testing" from config file "/etc/yum.repos.d/fedora-updates-testing.repo" section "updates-testing"
2025-05-05T12:09:13+0000 [3213] DEBUG Creating repo "updates-testing-debuginfo" from config file "/etc/yum.repos.d/fedora-updates-testing.repo" section "updates-testing-debuginfo"
2025-05-05T12:09:13+0000 [3213] DEBUG Creating repo "updates-testing-source" from config file "/etc/yum.repos.d/fedora-updates-testing.repo" section "updates-testing-source"
2025-05-05T12:09:13+0000 [3213] DEBUG Creating repo "updates" from config file "/etc/yum.repos.d/fedora-updates.repo" section "updates"
2025-05-05T12:09:13+0000 [3213] DEBUG Creating repo "updates-debuginfo" from config file "/etc/yum.repos.d/fedora-updates.repo" section "updates-debuginfo"
2025-05-05T12:09:13+0000 [3213] DEBUG Creating repo "updates-source" from config file "/etc/yum.repos.d/fedora-updates.repo" section "updates-source"
2025-05-05T12:09:13+0000 [3213] DEBUG Creating repo "fedora" from config file "/etc/yum.repos.d/fedora.repo" section "fedora"
2025-05-05T12:09:13+0000 [3213] DEBUG Creating repo "fedora-debuginfo" from config file "/etc/yum.repos.d/fedora.repo" section "fedora-debuginfo"
2025-05-05T12:09:13+0000 [3213] DEBUG Creating repo "fedora-source" from config file "/etc/yum.repos.d/fedora.repo" section "fedora-source"
2025-05-05T12:09:13+0000 [3213] ERROR Команда возвращена с ошибкой: Для выполнения запрошенной операции требуются привилегии суперпользователя. Пожалуйста, войдите в систему как пользователь с повышенными правами или используйте опции "--assumeno" или "--downloadonly", чтобы выполнить команду без изменения состояния системы.
2025-05-05T12:45:50+0000 [3659] INFO --- DNF5 запущен с аргументами: "dnf -y install pandoc" ---
2025-05-05T12:45:50+0000 [3659] DEBUG Loading plugin file="/usr/lib64/dnf5/plugins/builddep_cmd_plugin.so"
2025-05-05T12:45:50+0000 [3659] INFO Loaded dnf5 plugin "builddep" ("/usr/lib64/dnf5/plugins/builddep_cmd_plugin.so") version "1.0.0"
2025-05-05T12:45:50+0000 [3659] DEBUG Loading plugin file="/usr/lib64/dnf5/plugins/changelog_cmd_plugin.so"
2025-05-05T12:45:50+0000 [3659] INFO Loaded dnf5 plugin "changelog" ("/usr/lib64/dnf5/plugins/changelog_cmd_plugin.so") version "1.0.0"
2025-05-05T12:45:50+0000 [3659] DEBUG Loading plugin file="/usr/lib64/dnf5/plugins/config-manager_cmd_plugin.so"
2025-05-05T12:45:50+0000 [3659] INFO Loaded dnf5 plugin "config-manager" ("/usr/lib64/dnf5/plugins/config-manager_cmd_plugin.so") version "0.1.0"
2025-05-05T12:45:50+0000 [3659] DEBUG Loading plugin file="/usr/lib64/dnf5/plugins/copr_cmd_plugin.so"
2025-05-05T12:45:50+0000 [3659] INFO Loaded dnf5 plugin "copr" ("/usr/lib64/dnf5/plugins/copr_cmd_plugin.so") version "0.1.0"
2025-05-05T12:45:50+0000 [3659] DEBUG Loading plugin file="/usr/lib64/dnf5/plugins/needs_restarting_cmd_plugin.so"
2025-05-05T12:45:50+0000 [3659] INFO Loaded dnf5 plugin "needs_restarting" ("/usr/lib64/dnf5/plugins/needs_restarting_cmd_plugin.so") version "1.0.0"
2025-05-05T12:45:50+0000 [3659] DEBUG Loading plugin file="/usr/lib64/dnf5/plugins/repoclosure_cmd_plugin.so"
2025-05-05T12:45:50+0000 [3659] INFO Loaded dnf5 plugin "repoclosure" ("/usr/lib64/dnf5/plugins/repoclosure_cmd_plugin.so") version "1.0.0"
2025-05-05T12:45:50+0000 [3659] DEBUG Loading plugin file="/usr/lib64/dnf5/plugins/reposync_cmd_plugin.so"
2025-05-05T12:45:50+0000 [3659] INFO Loaded dnf5 plugin "reposync" ("/usr/lib64/dnf5/plugins/reposync_cmd_plugin.so") version "1.0.0"
2025-05-05T12:45:50+0000 [3659] DEBUG Loading plugin library file="/usr/lib64/libdnf5/plugins/expired-pgp-keys.so"
2025-05-05T12:45:50+0000 [3659] INFO Loaded libdnf plugin "expired-pgp-keys" ("/usr/lib64/libdnf5/plugins/expired-pgp-keys.so"), version="1.0.0"
2025-05-05T12:45:50+0000 [3659] DEBUG Trying to load more plugins using the "expired-pgp-keys" plugin.
2025-05-05T12:45:50+0000 [3659] DEBUG End of loading plugins using the "expired-pgp-keys" plugin.
2025-05-05T12:45:50+0000 [3659] DEBUG Creating repo "fedora-cisco-openh264" from config file "/etc/yum.repos.d/fedora-cisco-openh264.repo" section "fedora-cisco-openh264"
2025-05-05T12:45:50+0000 [3659] DEBUG Creating repo "fedora-cisco-openh264-debuginfo" from config file "/etc/yum.repos.d/fedora-cisco-openh264.repo" section "fedora-cisco-openh264-debuginfo"
2025-05-05T12:45:50+0000 [3659] DEBUG Creating repo "fedora-cisco-openh264-source" from config file "/etc/yum.repos.d/fedora-cisco-openh264.repo" section "fedora-cisco-openh264-source"
2025-05-05T12:45:50+0000 [3659] DEBUG Creating repo "updates-testing" from config file "/etc/yum.repos.d/fedora-updates-testing.repo" section "updates-testing"
2025-05-05T12:45:50+0000 [3659] DEBUG Creating repo "updates-testing-debuginfo" from config file "/etc/yum.repos.d/fedora-updates-testing.repo" section "updates-testing-debuginfo"
2025-05-05T12:45:50+0000 [3659] DEBUG Creating repo "updates-testing-source" from config file "/etc/yum.repos.d/fedora-updates-testing.repo" section "updates-testing-source"
2025-05-05T12:45:50+0000 [3659] DEBUG Creating repo "updates" from config file "/etc/yum.repos.d/fedora-updates.repo" section "updates"
2025-05-05T12:45:50+0000 [3659] DEBUG Creating repo "updates-debuginfo" from config file "/etc/yum.repos.d/fedora-updates.repo" section "updates-debuginfo"
2025-05-05T12:45:50+0000 [3659] DEBUG Creating repo "updates-source" from config file "/etc/yum.repos.d/fedora-updates.repo" section "updates-source"
2025-05-05T12:45:50+0000 [3659] DEBUG Creating repo "fedora" from config file "/etc/yum.repos.d/fedora.repo" section "fedora"
2025-05-05T12:45:50+0000 [3659] DEBUG Creating repo "fedora-debuginfo" from config file "/etc/yum.repos.d/fedora.repo" section "fedora-debuginfo"
2025-05-05T12:45:50+0000 [3659] DEBUG Creating repo "fedora-source" from config file "/etc/yum.repos.d/fedora.repo" section "fedora-source"
2025-05-05T12:45:50+0000 [3659] ERROR Команда возвращена с ошибкой: Для выполнения запрошенной операции требуются привилегии суперпользователя. Пожалуйста, войдите в систему как пользователь с повышенными правами или используйте опции "--assumeno" или "--downloadonly", чтобы выполнить команду без изменения состояния системы.
2025-05-05T21:30:28+0000 [3208] INFO --- DNF5 запущен с аргументами: "dnf -y install texlive-scheme-full" ---
2025-05-05T21:30:28+0000 [3208] DEBUG Loading plugin file="/usr/lib64/dnf5/plugins/builddep_cmd_plugin.so"
2025-05-05T21:30:28+0000 [3208] INFO Loaded dnf5 plugin "builddep" ("/usr/lib64/dnf5/plugins/builddep_cmd_plugin.so") version "1.0.0"
2025-05-05T21:30:28+0000 [3208] DEBUG Loading plugin file="/usr/lib64/dnf5/plugins/changelog_cmd_plugin.so"
2025-05-05T21:30:28+0000 [3208] INFO Loaded dnf5 plugin "changelog" ("/usr/lib64/dnf5/plugins/changelog_cmd_plugin.so") version "1.0.0"
2025-05-05T21:30:28+0000 [3208] DEBUG Loading plugin file="/usr/lib64/dnf5/plugins/config-manager_cmd_plugin.so"
2025-05-05T21:30:28+0000 [3208] INFO Loaded dnf5 plugin "config-manager" ("/usr/lib64/dnf5/plugins/config-manager_cmd_plugin.so") version "0.1.0"
2025-05-05T21:30:28+0000 [3208] DEBUG Loading plugin file="/usr/lib64/dnf5/plugins/copr_cmd_plugin.so"
2025-05-05T21:30:28+0000 [3208] INFO Loaded dnf5 plugin "copr" ("/usr/lib64/dnf5/plugins/copr_cmd_plugin.so") version "0.1.0"
2025-05-05T21:30:28+0000 [3208] DEBUG Loading plugin file="/usr/lib64/dnf5/plugins/needs_restarting_cmd_plugin.so"
2025-05-05T21:30:28+0000 [3208] INFO Loaded dnf5 plugin "needs_restarting" ("/usr/lib64/dnf5/plugins/needs_restarting_cmd_plugin.so") version "1.0.0"
2025-05-05T21:30:28+0000 [3208] DEBUG Loading plugin file="/usr/lib64/dnf5/plugins/repoclosure_cmd_plugin.so"
2025-05-05T21:30:28+0000 [3208] INFO Loaded dnf5 plugin "repoclosure" ("/usr/lib64/dnf5/plugins/repoclosure_cmd_plugin.so") version "1.0.0"
2025-05-05T21:30:28+0000 [3208] DEBUG Loading plugin file="/usr/lib64/dnf5/plugins/reposync_cmd_plugin.so"
2025-05-05T21:30:28+0000 [3208] INFO Loaded dnf5 plugin "reposync" ("/usr/lib64/dnf5/plugins/reposync_cmd_plugin.so") version "1.0.0"
2025-05-05T21:30:28+0000 [3208] DEBUG Loading plugin library file="/usr/lib64/libdnf5/plugins/expired-pgp-keys.so"
2025-05-05T21:30:28+0000 [3208] INFO Loaded libdnf plugin "expired-pgp-keys" ("/usr/lib64/libdnf5/plugins/expired-pgp-keys.so"), version="1.0.0"
2025-05-05T21:30:28+0000 [3208] DEBUG Trying to load more plugins using the "expired-pgp-keys" plugin.
2025-05-05T21:30:28+0000 [3208] DEBUG End of loading plugins using the "expired-pgp-keys" plugin.
2025-05-05T21:30:28+0000 [3208] DEBUG Creating repo "fedora-cisco-openh264" from config file "/etc/yum.repos.d/fedora-cisco-openh264.repo" section "fedora-cisco-openh264"
2025-05-05T21:30:28+0000 [3208] DEBUG Creating repo "fedora-cisco-openh264-debuginfo" from config file "/etc/yum.repos.d/fedora-cisco-openh264.repo" section "fedora-cisco-openh264-debuginfo"
2025-05-05T21:30:28+0000 [3208] DEBUG Creating repo "fedora-cisco-openh264-source" from config file "/etc/yum.repos.d/fedora-cisco-openh264.repo" section "fedora-cisco-openh264-source"
2025-05-05T21:30:28+0000 [3208] DEBUG Creating repo "updates-testing" from config file "/etc/yum.repos.d/fedora-updates-testing.repo" section "updates-testing"
2025-05-05T21:30:28+0000 [3208] DEBUG Creating repo "updates-testing-debuginfo" from config file "/etc/yum.repos.d/fedora-updates-testing.repo" section "updates-testing-debuginfo"
2025-05-05T21:30:28+0000 [3208] DEBUG Creating repo "updates-testing-source" from config file "/etc/yum.repos.d/fedora-updates-testing.repo" section "updates-testing-source"
2025-05-05T21:30:28+0000 [3208] DEBUG Creating repo "updates" from config file "/etc/yum.repos.d/fedora-updates.repo" section "updates"
2025-05-05T21:30:28+0000 [3208] DEBUG Creating repo "updates-debuginfo" from config file "/etc/yum.repos.d/fedora-updates.repo" section "updates-debuginfo"
2025-05-05T21:30:28+0000 [3208] DEBUG Creating repo "updates-source" from config file "/etc/yum.repos.d/fedora-updates.repo" section "updates-source"
2025-05-05T21:30:28+0000 [3208] DEBUG Creating repo "fedora" from config file "/etc/yum.repos.d/fedora.repo" section "fedora"
2025-05-05T21:30:28+0000 [3208] DEBUG Creating repo "fedora-debuginfo" from config file "/etc/yum.repos.d/fedora.repo" section "fedora-debuginfo"
2025-05-05T21:30:28+0000 [3208] DEBUG Creating repo "fedora-source" from config file "/etc/yum.repos.d/fedora.repo" section "fedora-source"
2025-05-05T21:30:28+0000 [3208] ERROR Команда возвращена с ошибкой: Для выполнения запрошенной операции требуются привилегии суперпользователя. Пожалуйста, войдите в систему как пользователь с повышенными правами или используйте опции "--assumeno" или "--downloadonly", чтобы выполнить команду без изменения состояния системы.
